[INFO] 2026-07-20 18:23:42 Starting SentinelOps...
[SUCCESS] 2026-07-20 18:23:42 Backup completed successfully.
[WARNING] 2026-07-20 18:23:42 Disk usage is above 80%.
[ERROR] 2026-07-20 18:23:42 Docker is not running.
[SUCCESS] 2026-07-20 18:48:08 git command exists
[SUCCESS] 2026-07-20 18:54:20 git command exists
[SUCCESS] 2026-07-20 18:54:20 docker command exists
[ERROR] 2026-07-20 18:54:20 python command does not exist
[INFO] 2026-07-20 19:39:23 Loading SentinelOps Dashboard...
[SUCCESS] 2026-07-20 19:39:23 docker command exists
[SUCCESS] 2026-07-20 19:39:24 Docker is installed and running.
[INFO] 2026-07-20 19:39:40 Loading SentinelOps Dashboard...
[SUCCESS] 2026-07-20 19:39:40 docker command exists
[SUCCESS] 2026-07-20 19:39:40 Docker is installed and running.
[INFO] 2026-07-20 19:41:28 Loading SentinelOps Dashboard...
[SUCCESS] 2026-07-20 19:41:28 docker command exists
[SUCCESS] 2026-07-20 19:41:29 Docker is installed and running.
[INFO] 2026-07-20 19:59:45 Loading System Monitor...
[SUCCESS] 2026-07-20 19:59:45 Internet Connection Available
[SUCCESS] 2026-07-20 19:59:45 docker command exists
[SUCCESS] 2026-07-20 19:59:47 Docker daemon is running.
[INFO] 2026-07-20 20:01:16 Loading System Monitor...
[SUCCESS] 2026-07-20 20:01:16 Internet Connection Available
[SUCCESS] 2026-07-20 20:01:16 docker command exists
[SUCCESS] 2026-07-20 20:01:16 Docker daemon is running.
[INFO] 2026-07-20 20:05:59 Loading System Monitor...
[SUCCESS] 2026-07-20 20:05:59 Internet Connection Available
[SUCCESS] 2026-07-20 20:05:59 docker command exists
[SUCCESS] 2026-07-20 20:05:59 Docker daemon is running.
[INFO] 2026-07-20 20:09:31 Loading SentinelOps Dashboard...
[SUCCESS] 2026-07-20 20:09:31 docker command exists
[SUCCESS] 2026-07-20 20:09:32 Docker is installed and running.
[INFO] 2026-07-20 20:09:53 Loading System Monitor...
[SUCCESS] 2026-07-20 20:09:53 Internet Connection Available
[SUCCESS] 2026-07-20 20:09:53 docker command exists
[SUCCESS] 2026-07-20 20:09:53 Docker daemon is running.
[INFO] 2026-07-21 16:02:18 Loading SentinelOps Dashboard...
[SUCCESS] 2026-07-21 16:02:18 docker command exists
[SUCCESS] 2026-07-21 16:02:23 Docker is installed and running.
[INFO] 2026-07-21 16:02:35 Loading System Monitor...
[SUCCESS] 2026-07-21 16:02:36 Internet Connection Available
[SUCCESS] 2026-07-21 16:02:36 docker command exists
[SUCCESS] 2026-07-21 16:02:38 Docker daemon is running.
backup generated successfully at Wed Jul 22 18:02:05 UTC 2026
[SUCCESS] 2026-07-22 18:13:58 Backup created successfully.
